2025-08-19 16:39:01,036:WARNING:
'cuml' is a soft dependency and not included in the pycaret installation. Please run: `pip install cuml` to install.
2025-08-19 16:39:01,036:WARNING:
'cuml' is a soft dependency and not included in the pycaret installation. Please run: `pip install cuml` to install.
2025-08-19 16:39:01,037:WARNING:
'cuml' is a soft dependency and not included in the pycaret installation. Please run: `pip install cuml` to install.
2025-08-19 16:39:01,037:WARNING:
'cuml' is a soft dependency and not included in the pycaret installation. Please run: `pip install cuml` to install.
2025-08-19 16:39:02,983:INFO:PyCaret ClassificationExperiment
2025-08-19 16:39:02,983:INFO:Logging name: clf-default-name
2025-08-19 16:39:02,983:INFO:ML Usecase: MLUsecase.CLASSIFICATION
2025-08-19 16:39:02,983:INFO:version 3.3.2
2025-08-19 16:39:02,984:INFO:Initializing setup()
2025-08-19 16:39:02,984:INFO:self.USI: 18b3
2025-08-19 16:39:02,984:INFO:self._variable_keys: {'memory', 'fix_imbalance', 'exp_id', 'fold_shuffle_param', 'n_jobs_param', 'pipeline', 'fold_groups_param', 'USI', '_available_plots', 'y_test', 'X', 'X_test', 'y_train', '_ml_usecase', 'X_train', 'logging_param', 'idx', 'exp_name_log', 'gpu_n_jobs_param', 'data', 'seed', 'gpu_param', 'fold_generator', 'is_multiclass', 'html_param', 'target_param', 'y', 'log_plots_param'}
2025-08-19 16:39:02,984:INFO:Checking environment
2025-08-19 16:39:02,984:INFO:python_version: 3.11.13
2025-08-19 16:39:02,984:INFO:python_build: ('main', 'Jun  5 2025 13:03:15')
2025-08-19 16:39:02,984:INFO:machine: AMD64
2025-08-19 16:39:02,984:INFO:platform: Windows-10-10.0.26100-SP0
2025-08-19 16:39:02,984:INFO:Memory: svmem(total=17120587776, available=8945004544, percent=47.8, used=8175583232, free=8945004544)
2025-08-19 16:39:02,984:INFO:Physical Core: 6
2025-08-19 16:39:02,984:INFO:Logical Core: 12
2025-08-19 16:39:02,984:INFO:Checking libraries
2025-08-19 16:39:02,984:INFO:System:
2025-08-19 16:39:02,984:INFO:    python: 3.11.13 | packaged by Anaconda, Inc. | (main, Jun  5 2025, 13:03:15) [MSC v.1929 64 bit (AMD64)]
2025-08-19 16:39:02,984:INFO:executable: c:\Users\PC\anaconda3\envs\PyCaret\python.exe
2025-08-19 16:39:02,984:INFO:   machine: Windows-10-10.0.26100-SP0
2025-08-19 16:39:02,984:INFO:PyCaret required dependencies:
2025-08-19 16:39:03,104:INFO:                 pip: 25.1
2025-08-19 16:39:03,104:INFO:          setuptools: 78.1.1
2025-08-19 16:39:03,104:INFO:             pycaret: 3.3.2
2025-08-19 16:39:03,104:INFO:             IPython: 9.4.0
2025-08-19 16:39:03,104:INFO:          ipywidgets: 8.1.7
2025-08-19 16:39:03,104:INFO:                tqdm: 4.67.1
2025-08-19 16:39:03,104:INFO:               numpy: 1.26.4
2025-08-19 16:39:03,104:INFO:              pandas: 2.1.4
2025-08-19 16:39:03,104:INFO:              jinja2: 3.1.6
2025-08-19 16:39:03,104:INFO:               scipy: 1.11.4
2025-08-19 16:39:03,104:INFO:              joblib: 1.3.2
2025-08-19 16:39:03,104:INFO:             sklearn: 1.4.2
2025-08-19 16:39:03,104:INFO:                pyod: 2.0.5
2025-08-19 16:39:03,104:INFO:            imblearn: 0.13.0
2025-08-19 16:39:03,104:INFO:   category_encoders: 2.7.0
2025-08-19 16:39:03,104:INFO:            lightgbm: 4.6.0
2025-08-19 16:39:03,104:INFO:               numba: 0.61.0
2025-08-19 16:39:03,104:INFO:            requests: 2.32.4
2025-08-19 16:39:03,104:INFO:          matplotlib: 3.7.5
2025-08-19 16:39:03,104:INFO:          scikitplot: 0.3.7
2025-08-19 16:39:03,104:INFO:         yellowbrick: 1.5
2025-08-19 16:39:03,104:INFO:              plotly: 5.24.1
2025-08-19 16:39:03,105:INFO:    plotly-resampler: Not installed
2025-08-19 16:39:03,105:INFO:             kaleido: 1.0.0
2025-08-19 16:39:03,105:INFO:           schemdraw: 0.15
2025-08-19 16:39:03,105:INFO:         statsmodels: 0.14.5
2025-08-19 16:39:03,105:INFO:              sktime: 0.26.0
2025-08-19 16:39:03,105:INFO:               tbats: 1.1.3
2025-08-19 16:39:03,105:INFO:            pmdarima: 2.0.4
2025-08-19 16:39:03,105:INFO:              psutil: 7.0.0
2025-08-19 16:39:03,105:INFO:          markupsafe: 3.0.2
2025-08-19 16:39:03,105:INFO:             pickle5: Not installed
2025-08-19 16:39:03,105:INFO:         cloudpickle: 3.1.1
2025-08-19 16:39:03,105:INFO:         deprecation: 2.1.0
2025-08-19 16:39:03,105:INFO:              xxhash: 3.5.0
2025-08-19 16:39:03,105:INFO:           wurlitzer: Not installed
2025-08-19 16:39:03,105:INFO:PyCaret optional dependencies:
2025-08-19 16:39:04,615:INFO:                shap: 0.44.1
2025-08-19 16:39:04,615:INFO:           interpret: 0.6.16
2025-08-19 16:39:04,615:INFO:                umap: 0.5.7
2025-08-19 16:39:04,615:INFO:     ydata_profiling: 4.16.1
2025-08-19 16:39:04,615:INFO:  explainerdashboard: 0.5.1
2025-08-19 16:39:04,615:INFO:             autoviz: Not installed
2025-08-19 16:39:04,615:INFO:           fairlearn: 0.7.0
2025-08-19 16:39:04,615:INFO:          deepchecks: Not installed
2025-08-19 16:39:04,615:INFO:             xgboost: 3.0.4
2025-08-19 16:39:04,615:INFO:            catboost: 1.2.8
2025-08-19 16:39:04,615:INFO:              kmodes: Not installed
2025-08-19 16:39:04,615:INFO:             mlxtend: Not installed
2025-08-19 16:39:04,615:INFO:       statsforecast: Not installed
2025-08-19 16:39:04,615:INFO:        tune_sklearn: Not installed
2025-08-19 16:39:04,615:INFO:                 ray: Not installed
2025-08-19 16:39:04,615:INFO:            hyperopt: Not installed
2025-08-19 16:39:04,616:INFO:              optuna: Not installed
2025-08-19 16:39:04,616:INFO:               skopt: Not installed
2025-08-19 16:39:04,616:INFO:              mlflow: 3.1.1
2025-08-19 16:39:04,616:INFO:              gradio: Not installed
2025-08-19 16:39:04,616:INFO:             fastapi: 0.116.0
2025-08-19 16:39:04,616:INFO:             uvicorn: 0.35.0
2025-08-19 16:39:04,616:INFO:              m2cgen: Not installed
2025-08-19 16:39:04,616:INFO:           evidently: Not installed
2025-08-19 16:39:04,616:INFO:               fugue: Not installed
2025-08-19 16:39:04,616:INFO:           streamlit: Not installed
2025-08-19 16:39:04,616:INFO:             prophet: Not installed
2025-08-19 16:39:04,616:INFO:None
2025-08-19 16:39:04,616:INFO:Set up data.
2025-08-19 16:39:05,525:INFO:Set up folding strategy.
2025-08-19 16:39:05,525:INFO:Set up train/test split.
2025-08-19 16:39:06,083:INFO:Set up index.
2025-08-19 16:39:06,103:INFO:Assigning column types.
2025-08-19 16:39:06,618:INFO:Engine successfully changes for model 'lr' to 'sklearn'.
2025-08-19 16:39:06,667:INFO:Engine for model 'knn' has not been set explicitly, hence returning None.
2025-08-19 16:39:06,670:INFO:Engine for model 'rbfsvm' has not been set explicitly, hence returning None.
2025-08-19 16:39:06,710:INFO:Soft dependency imported: xgboost: 3.0.4
2025-08-19 16:39:06,713:INFO:Soft dependency imported: catboost: 1.2.8
2025-08-19 16:39:06,765:INFO:Engine for model 'knn' has not been set explicitly, hence returning None.
2025-08-19 16:39:06,765:INFO:Engine for model 'rbfsvm' has not been set explicitly, hence returning None.
2025-08-19 16:39:06,795:INFO:Soft dependency imported: xgboost: 3.0.4
2025-08-19 16:39:06,798:INFO:Soft dependency imported: catboost: 1.2.8
2025-08-19 16:39:06,798:INFO:Engine successfully changes for model 'knn' to 'sklearn'.
2025-08-19 16:39:06,847:INFO:Engine for model 'rbfsvm' has not been set explicitly, hence returning None.
2025-08-19 16:39:06,878:INFO:Soft dependency imported: xgboost: 3.0.4
2025-08-19 16:39:06,881:INFO:Soft dependency imported: catboost: 1.2.8
2025-08-19 16:39:06,930:INFO:Engine for model 'rbfsvm' has not been set explicitly, hence returning None.
2025-08-19 16:39:06,960:INFO:Soft dependency imported: xgboost: 3.0.4
2025-08-19 16:39:06,964:INFO:Soft dependency imported: catboost: 1.2.8
2025-08-19 16:39:06,964:INFO:Engine successfully changes for model 'rbfsvm' to 'sklearn'.
2025-08-19 16:39:07,045:INFO:Soft dependency imported: xgboost: 3.0.4
2025-08-19 16:39:07,048:INFO:Soft dependency imported: catboost: 1.2.8
2025-08-19 16:39:07,128:INFO:Soft dependency imported: xgboost: 3.0.4
2025-08-19 16:39:07,131:INFO:Soft dependency imported: catboost: 1.2.8
2025-08-19 16:39:07,142:INFO:Preparing preprocessing pipeline...
2025-08-19 16:39:07,218:INFO:Set up simple imputation.
2025-08-19 16:39:07,468:INFO:Set up encoding of ordinal features.
2025-08-19 16:39:08,068:INFO:Set up encoding of categorical features.
2025-08-19 16:39:08,074:INFO:Set up feature normalization.
2025-08-19 16:39:19,382:INFO:Finished creating preprocessing pipeline.
2025-08-19 16:39:19,421:INFO:Pipeline: Pipeline(memory=FastMemory(location=C:\Users\PC\AppData\Local\Temp\joblib),
         steps=[('numerical_imputer',
                 TransformerWrapper(exclude=None,
                                    include=['SK_ID_CURR', 'CNT_CHILDREN',
                                             'AMT_INCOME_TOTAL', 'AMT_CREDIT',
                                             'AMT_ANNUITY', 'AMT_GOODS_PRICE',
                                             'REGION_POPULATION_RELATIVE',
                                             'DAYS_BIRTH', 'DAYS_EMPLOYED',
                                             'DAYS_REGISTRATION',
                                             'DAYS_ID_PUBLISH', 'OWN_CAR_AGE',
                                             'FLA...
                 TransformerWrapper(exclude=None, include=['ORGANIZATION_TYPE'],
                                    transformer=TargetEncoder(cols=['ORGANIZATION_TYPE'],
                                                              drop_invariant=False,
                                                              handle_missing='return_nan',
                                                              handle_unknown='value',
                                                              hierarchy=None,
                                                              min_samples_leaf=20,
                                                              return_df=True,
                                                              smoothing=10,
                                                              verbose=0))),
                ('normalize',
                 TransformerWrapper(exclude=None, include=None,
                                    transformer=StandardScaler(copy=True,
                                                               with_mean=True,
                                                               with_std=True)))],
         verbose=False)
2025-08-19 16:39:19,421:INFO:Creating final display dataframe.
2025-08-19 16:39:26,310:INFO:PyCaret ClassificationExperiment
2025-08-19 16:39:26,310:INFO:Logging name: clf-default-name
2025-08-19 16:39:26,310:INFO:ML Usecase: MLUsecase.CLASSIFICATION
2025-08-19 16:39:26,310:INFO:version 3.3.2
2025-08-19 16:39:26,310:INFO:Initializing setup()
2025-08-19 16:39:26,310:INFO:self.USI: a557
2025-08-19 16:39:26,310:INFO:self._variable_keys: {'memory', 'fix_imbalance', 'exp_id', 'fold_shuffle_param', 'n_jobs_param', 'pipeline', 'fold_groups_param', 'USI', '_available_plots', 'y_test', 'X', 'X_test', 'y_train', '_ml_usecase', 'X_train', 'logging_param', 'idx', 'exp_name_log', 'gpu_n_jobs_param', 'data', 'seed', 'gpu_param', 'fold_generator', 'is_multiclass', 'html_param', 'target_param', 'y', 'log_plots_param'}
2025-08-19 16:39:26,310:INFO:Checking environment
2025-08-19 16:39:26,310:INFO:python_version: 3.11.13
2025-08-19 16:39:26,310:INFO:python_build: ('main', 'Jun  5 2025 13:03:15')
2025-08-19 16:39:26,310:INFO:machine: AMD64
2025-08-19 16:39:26,310:INFO:platform: Windows-10-10.0.26100-SP0
2025-08-19 16:39:26,311:INFO:Memory: svmem(total=17120587776, available=7417966592, percent=56.7, used=9702621184, free=7417966592)
2025-08-19 16:39:26,311:INFO:Physical Core: 6
2025-08-19 16:39:26,311:INFO:Logical Core: 12
2025-08-19 16:39:26,311:INFO:Checking libraries
2025-08-19 16:39:26,311:INFO:System:
2025-08-19 16:39:26,311:INFO:    python: 3.11.13 | packaged by Anaconda, Inc. | (main, Jun  5 2025, 13:03:15) [MSC v.1929 64 bit (AMD64)]
2025-08-19 16:39:26,311:INFO:executable: c:\Users\PC\anaconda3\envs\PyCaret\python.exe
2025-08-19 16:39:26,311:INFO:   machine: Windows-10-10.0.26100-SP0
2025-08-19 16:39:26,311:INFO:PyCaret required dependencies:
2025-08-19 16:39:26,311:INFO:                 pip: 25.1
2025-08-19 16:39:26,311:INFO:          setuptools: 78.1.1
2025-08-19 16:39:26,311:INFO:             pycaret: 3.3.2
2025-08-19 16:39:26,311:INFO:             IPython: 9.4.0
2025-08-19 16:39:26,311:INFO:          ipywidgets: 8.1.7
2025-08-19 16:39:26,311:INFO:                tqdm: 4.67.1
2025-08-19 16:39:26,311:INFO:               numpy: 1.26.4
2025-08-19 16:39:26,311:INFO:              pandas: 2.1.4
2025-08-19 16:39:26,311:INFO:              jinja2: 3.1.6
2025-08-19 16:39:26,311:INFO:               scipy: 1.11.4
2025-08-19 16:39:26,311:INFO:              joblib: 1.3.2
2025-08-19 16:39:26,311:INFO:             sklearn: 1.4.2
2025-08-19 16:39:26,311:INFO:                pyod: 2.0.5
2025-08-19 16:39:26,312:INFO:            imblearn: 0.13.0
2025-08-19 16:39:26,312:INFO:   category_encoders: 2.7.0
2025-08-19 16:39:26,312:INFO:            lightgbm: 4.6.0
2025-08-19 16:39:26,312:INFO:               numba: 0.61.0
2025-08-19 16:39:26,312:INFO:            requests: 2.32.4
2025-08-19 16:39:26,312:INFO:          matplotlib: 3.7.5
2025-08-19 16:39:26,312:INFO:          scikitplot: 0.3.7
2025-08-19 16:39:26,312:INFO:         yellowbrick: 1.5
2025-08-19 16:39:26,312:INFO:              plotly: 5.24.1
2025-08-19 16:39:26,312:INFO:    plotly-resampler: Not installed
2025-08-19 16:39:26,312:INFO:             kaleido: 1.0.0
2025-08-19 16:39:26,312:INFO:           schemdraw: 0.15
2025-08-19 16:39:26,312:INFO:         statsmodels: 0.14.5
2025-08-19 16:39:26,312:INFO:              sktime: 0.26.0
2025-08-19 16:39:26,312:INFO:               tbats: 1.1.3
2025-08-19 16:39:26,312:INFO:            pmdarima: 2.0.4
2025-08-19 16:39:26,312:INFO:              psutil: 7.0.0
2025-08-19 16:39:26,312:INFO:          markupsafe: 3.0.2
2025-08-19 16:39:26,312:INFO:             pickle5: Not installed
2025-08-19 16:39:26,312:INFO:         cloudpickle: 3.1.1
2025-08-19 16:39:26,312:INFO:         deprecation: 2.1.0
2025-08-19 16:39:26,312:INFO:              xxhash: 3.5.0
2025-08-19 16:39:26,312:INFO:           wurlitzer: Not installed
2025-08-19 16:39:26,312:INFO:PyCaret optional dependencies:
2025-08-19 16:39:26,312:INFO:                shap: 0.44.1
2025-08-19 16:39:26,312:INFO:           interpret: 0.6.16
2025-08-19 16:39:26,312:INFO:                umap: 0.5.7
2025-08-19 16:39:26,312:INFO:     ydata_profiling: 4.16.1
2025-08-19 16:39:26,312:INFO:  explainerdashboard: 0.5.1
2025-08-19 16:39:26,312:INFO:             autoviz: Not installed
2025-08-19 16:39:26,312:INFO:           fairlearn: 0.7.0
2025-08-19 16:39:26,312:INFO:          deepchecks: Not installed
2025-08-19 16:39:26,312:INFO:             xgboost: 3.0.4
2025-08-19 16:39:26,312:INFO:            catboost: 1.2.8
2025-08-19 16:39:26,312:INFO:              kmodes: Not installed
2025-08-19 16:39:26,312:INFO:             mlxtend: Not installed
2025-08-19 16:39:26,312:INFO:       statsforecast: Not installed
2025-08-19 16:39:26,312:INFO:        tune_sklearn: Not installed
2025-08-19 16:39:26,312:INFO:                 ray: Not installed
2025-08-19 16:39:26,312:INFO:            hyperopt: Not installed
2025-08-19 16:39:26,314:INFO:              optuna: Not installed
2025-08-19 16:39:26,314:INFO:               skopt: Not installed
2025-08-19 16:39:26,314:INFO:              mlflow: 3.1.1
2025-08-19 16:39:26,314:INFO:              gradio: Not installed
2025-08-19 16:39:26,314:INFO:             fastapi: 0.116.0
2025-08-19 16:39:26,314:INFO:             uvicorn: 0.35.0
2025-08-19 16:39:26,314:INFO:              m2cgen: Not installed
2025-08-19 16:39:26,314:INFO:           evidently: Not installed
2025-08-19 16:39:26,314:INFO:               fugue: Not installed
2025-08-19 16:39:26,314:INFO:           streamlit: Not installed
2025-08-19 16:39:26,314:INFO:             prophet: Not installed
2025-08-19 16:39:26,314:INFO:None
2025-08-19 16:39:26,314:INFO:Set up data.
2025-08-19 16:39:27,230:INFO:Set up folding strategy.
2025-08-19 16:39:27,230:INFO:Set up train/test split.
2025-08-19 16:39:27,755:INFO:Set up index.
2025-08-19 16:39:27,777:INFO:Assigning column types.
2025-08-19 16:39:28,316:INFO:Engine successfully changes for model 'lr' to 'sklearn'.
2025-08-19 16:39:28,366:INFO:Engine for model 'knn' has not been set explicitly, hence returning None.
2025-08-19 16:39:28,367:INFO:Engine for model 'rbfsvm' has not been set explicitly, hence returning None.
2025-08-19 16:39:28,399:INFO:Soft dependency imported: xgboost: 3.0.4
2025-08-19 16:39:28,402:INFO:Soft dependency imported: catboost: 1.2.8
2025-08-19 16:39:28,451:INFO:Engine for model 'knn' has not been set explicitly, hence returning None.
2025-08-19 16:39:28,452:INFO:Engine for model 'rbfsvm' has not been set explicitly, hence returning None.
2025-08-19 16:39:28,483:INFO:Soft dependency imported: xgboost: 3.0.4
2025-08-19 16:39:28,486:INFO:Soft dependency imported: catboost: 1.2.8
2025-08-19 16:39:28,487:INFO:Engine successfully changes for model 'knn' to 'sklearn'.
2025-08-19 16:39:28,547:INFO:Engine for model 'rbfsvm' has not been set explicitly, hence returning None.
2025-08-19 16:39:28,578:INFO:Soft dependency imported: xgboost: 3.0.4
2025-08-19 16:39:28,581:INFO:Soft dependency imported: catboost: 1.2.8
2025-08-19 16:39:28,637:INFO:Engine for model 'rbfsvm' has not been set explicitly, hence returning None.
2025-08-19 16:39:28,668:INFO:Soft dependency imported: xgboost: 3.0.4
2025-08-19 16:39:28,671:INFO:Soft dependency imported: catboost: 1.2.8
2025-08-19 16:39:28,671:INFO:Engine successfully changes for model 'rbfsvm' to 'sklearn'.
2025-08-19 16:39:28,751:INFO:Soft dependency imported: xgboost: 3.0.4
2025-08-19 16:39:28,754:INFO:Soft dependency imported: catboost: 1.2.8
2025-08-19 16:39:28,840:INFO:Soft dependency imported: xgboost: 3.0.4
2025-08-19 16:39:28,843:INFO:Soft dependency imported: catboost: 1.2.8
2025-08-19 16:39:28,844:INFO:Preparing preprocessing pipeline...
2025-08-19 16:39:28,938:INFO:Set up simple imputation.
2025-08-19 16:39:29,225:INFO:Set up encoding of ordinal features.
2025-08-19 16:39:29,875:INFO:Set up encoding of categorical features.
2025-08-19 16:39:29,882:INFO:Set up feature normalization.
2025-08-19 16:39:34,639:INFO:Finished creating preprocessing pipeline.
2025-08-19 16:39:34,679:INFO:Pipeline: Pipeline(memory=FastMemory(location=C:\Users\PC\AppData\Local\Temp\joblib),
         steps=[('numerical_imputer',
                 TransformerWrapper(exclude=None,
                                    include=['SK_ID_CURR', 'CNT_CHILDREN',
                                             'AMT_INCOME_TOTAL', 'AMT_CREDIT',
                                             'AMT_ANNUITY', 'AMT_GOODS_PRICE',
                                             'REGION_POPULATION_RELATIVE',
                                             'DAYS_BIRTH', 'DAYS_EMPLOYED',
                                             'DAYS_REGISTRATION',
                                             'DAYS_ID_PUBLISH', 'OWN_CAR_AGE',
                                             'FLA...
                 TransformerWrapper(exclude=None, include=['ORGANIZATION_TYPE'],
                                    transformer=TargetEncoder(cols=['ORGANIZATION_TYPE'],
                                                              drop_invariant=False,
                                                              handle_missing='return_nan',
                                                              handle_unknown='value',
                                                              hierarchy=None,
                                                              min_samples_leaf=20,
                                                              return_df=True,
                                                              smoothing=10,
                                                              verbose=0))),
                ('normalize',
                 TransformerWrapper(exclude=None, include=None,
                                    transformer=StandardScaler(copy=True,
                                                               with_mean=True,
                                                               with_std=True)))],
         verbose=False)
2025-08-19 16:39:34,706:INFO:Creating final display dataframe.
2025-08-19 16:39:44,118:INFO:Setup _display_container:                     Description             Value
0                    Session id                42
1                        Target            TARGET
2                   Target type            Binary
3           Original data shape     (307511, 122)
4        Transformed data shape     (307511, 185)
5   Transformed train set shape     (215257, 185)
6    Transformed test set shape      (92254, 185)
7              Numeric features               105
8          Categorical features                16
9      Rows with missing values             97.2%
10                   Preprocess              True
11              Imputation type            simple
12           Numeric imputation              mean
13       Categorical imputation              mode
14     Maximum one-hot encoding                25
15              Encoding method              None
16                    Normalize              True
17             Normalize method            zscore
18               Fold Generator   StratifiedKFold
19                  Fold Number                10
20                     CPU Jobs                 3
21                      Use GPU             False
22               Log Experiment             False
23              Experiment Name  clf-default-name
24                          USI              a557
2025-08-19 16:39:44,224:INFO:Soft dependency imported: xgboost: 3.0.4
2025-08-19 16:39:44,229:INFO:Soft dependency imported: catboost: 1.2.8
2025-08-19 16:39:44,320:INFO:Soft dependency imported: xgboost: 3.0.4
2025-08-19 16:39:44,324:INFO:Soft dependency imported: catboost: 1.2.8
2025-08-19 16:39:44,326:INFO:setup() successfully completed in 18.02s...............
2025-08-19 16:39:44,327:INFO:Initializing compare_models()
2025-08-19 16:39:44,327:INFO:compare_models(self=<pycaret.classification.oop.ClassificationExperiment object at 0x00000202A937EFD0>, include=None, exclude=None, fold=None, round=4, cross_validation=True, sort=Accuracy, n_select=1, budget_time=None, turbo=True, errors=ignore, fit_kwargs=None, groups=None, experiment_custom_tags=None, probability_threshold=None, verbose=True, parallel=None, caller_params={'self': <pycaret.classification.oop.ClassificationExperiment object at 0x00000202A937EFD0>, 'include': None, 'exclude': None, 'fold': None, 'round': 4, 'cross_validation': True, 'sort': 'Accuracy', 'n_select': 1, 'budget_time': None, 'turbo': True, 'errors': 'ignore', 'fit_kwargs': None, 'groups': None, 'experiment_custom_tags': None, 'probability_threshold': None, 'engine': None, 'verbose': True, 'parallel': None, '__class__': <class 'pycaret.classification.oop.ClassificationExperiment'>})
2025-08-19 16:39:44,327:INFO:Checking exceptions
2025-08-19 16:39:44,777:INFO:Preparing display monitor
2025-08-19 16:39:44,809:INFO:Initializing Logistic Regression
2025-08-19 16:39:44,809:INFO:Total runtime is 0.0 minutes
2025-08-19 16:39:44,816:INFO:SubProcess create_model() called ==================================
2025-08-19 16:39:44,817:INFO:Initializing create_model()
2025-08-19 16:39:44,817:INFO:create_model(self=<pycaret.classification.oop.ClassificationExperiment object at 0x00000202A937EFD0>, estimator=lr, fold=StratifiedKFold(n_splits=10, random_state=None, shuffle=False), round=4, cross_validation=True, predict=True, fit_kwargs={}, groups=None, refit=False, probability_threshold=None, experiment_custom_tags=None, verbose=False, system=False, add_to_model_list=True, metrics=None, display=<pycaret.internal.display.display.CommonDisplay object at 0x00000202A854C650>, model_only=True, return_train_score=False, error_score=0.0, kwargs={})
2025-08-19 16:39:44,817:INFO:Checking exceptions
2025-08-19 16:39:44,817:INFO:Importing libraries
2025-08-19 16:39:44,817:INFO:Copying training dataset
2025-08-19 16:39:45,578:INFO:Defining folds
2025-08-19 16:39:45,578:INFO:Declaring metric variables
2025-08-19 16:39:45,582:INFO:Importing untrained model
2025-08-19 16:39:45,588:INFO:Logistic Regression Imported successfully
2025-08-19 16:39:45,597:INFO:Starting cross validation
2025-08-19 16:39:45,603:INFO:Cross validating with StratifiedKFold(n_splits=10, random_state=None, shuffle=False), n_jobs=3
